[2022-09-06T16:40:35.906871+00:00] blog.INFO: Create user command started [] []
[2022-09-06T16:40:42.171833+00:00] blog.INFO: Create user command started [] []
[2022-09-06T16:40:42.181535+00:00] blog.INFO: User created: 42f85c89-a00d-4fef-8818-c6e615e18af6 [] []
[2022-09-06T16:43:39.279959+00:00] blog.INFO: Create user command started [] []
[2022-09-06T16:43:39.284536+00:00] blog.ERROR: User already exists: ivan5 {"exception":"[object] (GeekBrains\\LevelTwo\\Blog\\Exceptions\\CommandException(code: 0): User already exists: ivan5 at C:\\OpenServer\\domains\\localhost\\src\\Blog\\Commands\\CreateUserCommand.php:42)"} []
[2022-09-06T16:47:03.912591+00:00] blog.INFO: Create user command started [] []
[2022-09-06T16:49:19.107733+00:00] blog.INFO: Create user command started [] []
[2022-09-06T16:50:59.960453+00:00] blog.INFO: Create user command started [] []
[2022-09-06T16:50:59.964442+00:00] blog.WARNING: User already exists: ivan5 [] []
[2022-09-06T16:56:29.151924+00:00] blog.INFO: Post created: ffca6341-4ed1-4d4c-9a4e-5cba56c437f9 [] []
[2022-09-06T16:57:18.044479+00:00] blog.INFO: Post created: f1e58463-9c45-41b5-8caa-8bfc42079e3b [] []
[2022-09-06T17:27:56.716415+00:00] blog.INFO: Post created: a668baf9-5fa7-460b-aa9d-151e96419951 [] []
[2022-09-06T17:28:17.703503+00:00] blog.INFO: Post created: 2b592a11-ff84-4086-af4a-86a65e3b1722 [] []
[2022-09-06T17:28:26.662877+00:00] blog.INFO: Post created: fed49e75-088b-4d1f-9f3b-ada275a7be38 [] []
[2022-09-06T17:59:18.875012+00:00] blog.INFO: Post created: fea9807c-e297-415e-8334-f4c25ac4bf21 [] []
[2022-09-06T17:59:59.707927+00:00] blog.INFO: Post created: d52c5016-bfe5-403c-8a2f-4c332cab259f [] []
[2022-09-09T16:39:39.971902+00:00] blog.INFO: Create user command started [] []
[2022-09-09T16:39:39.981836+00:00] blog.INFO: User created: 10800ff3-b1b5-4e6f-a240-cb9921d453af [] []
[2022-09-09T16:46:41.481662+00:00] blog.INFO: Post created: 855c5b16-4c80-490a-b2fb-975ea2772aa3 [] []
[2022-09-09T16:46:41.483348+00:00] blog.INFO: Post created: 855c5b16-4c80-490a-b2fb-975ea2772aa3 [] []
[2022-09-09T16:48:34.034559+00:00] blog.INFO: Post created: 69cce1f1-b272-487d-8fce-52cc938eff1d [] []
[2022-09-09T16:48:34.036142+00:00] blog.INFO: Post created: 69cce1f1-b272-487d-8fce-52cc938eff1d [] []
[2022-09-09T16:53:33.692598+00:00] blog.INFO: Create user command started [] []
[2022-09-09T16:53:33.701973+00:00] blog.INFO: User created: 0fe43017-9f1b-4c61-a5ac-abae8eaed019 [] []
[2022-09-09T16:53:54.272064+00:00] blog.INFO: Post created: 31cfea73-3536-4936-bc1d-8d5ed0d1281d [] []
[2022-09-09T16:53:54.273749+00:00] blog.INFO: Post created: 31cfea73-3536-4936-bc1d-8d5ed0d1281d [] []
[2022-09-09T17:03:23.761428+00:00] blog.INFO: Create user command started [] []
[2022-09-09T17:04:22.118248+00:00] blog.INFO: Create user command started [] []
[2022-09-09T17:08:34.555060+00:00] blog.INFO: Create user command started [] []
[2022-09-09T17:08:34.559943+00:00] blog.WARNING: User already exists: user12345 [] []
[2022-09-09T17:08:50.369933+00:00] blog.INFO: Create user command started [] []
[2022-09-09T17:10:04.699366+00:00] blog.INFO: Create user command started [] []
[2022-09-09T17:10:04.705819+00:00] blog.WARNING: User already exists: user12345 [] []
[2022-09-09T17:10:06.788143+00:00] blog.INFO: Create user command started [] []
[2022-09-09T17:10:06.791669+00:00] blog.WARNING: User already exists: user123457 [] []
[2022-09-09T17:10:13.003623+00:00] blog.INFO: Create user command started [] []
[2022-09-09T17:10:56.266834+00:00] blog.INFO: Create user command started [] []
[2022-09-09T17:10:56.274646+00:00] blog.INFO: User created: d45e129e-d283-4526-b14e-1b8e49005c4e [] []
[2022-09-09T17:23:05.748557+00:00] blog.INFO: Create user command started [] []
[2022-09-09T17:23:05.756015+00:00] blog.INFO: User created: d8a4e3c3-2486-44e2-aaea-55825c741cca [] []
[2022-09-09T17:23:09.948087+00:00] blog.INFO: Create user command started [] []
[2022-09-09T17:23:09.955332+00:00] blog.INFO: User created: dd26c93d-688a-4274-9b0e-e1ad6a49c676 [] []
[2022-09-09T17:23:11.477662+00:00] blog.INFO: Create user command started [] []
[2022-09-09T17:23:11.481716+00:00] blog.WARNING: User already exists: userj45 [] []
[2022-09-09T18:11:07.692960+00:00] blog.INFO: Post created: 8438d6be-ca12-428e-b83e-af9374db23ac [] []
[2022-09-09T18:11:07.694931+00:00] blog.INFO: Post created: 8438d6be-ca12-428e-b83e-af9374db23ac [] []
[2022-09-09T18:11:51.849813+00:00] blog.INFO: Post created: 669023ab-7935-44bc-9317-dccef4dbaaf9 [] []
[2022-09-09T18:11:51.851518+00:00] blog.INFO: Post created: 669023ab-7935-44bc-9317-dccef4dbaaf9 [] []
[2022-09-13T17:04:51.900932+00:00] blog.WARNING: Cannot find post: 669023ab-7935-44bc-9317-dccef4dbaaf9 [] []
[2022-09-13T17:05:09.756135+00:00] blog.WARNING: Cannot find post: 669023ab-7935-44bc-9317-dccef4dbaaf9 [] []
[2022-09-13T17:05:18.172351+00:00] blog.WARNING: Cannot find post: 669023ab-7935-44bc-9317-dccef4dbaaf9 [] []
[2022-09-13T17:33:55.859658+00:00] blog.INFO: Post created: 68df9f43-dff0-419a-925d-8c0518fd333e [] []
[2022-09-13T17:33:55.870350+00:00] blog.INFO: Post created: 57321f4f-d4b1-4772-b710-2a576a437099 [] []
[2022-09-13T17:33:55.875237+00:00] blog.INFO: Post created: 15261540-61b2-4cda-94d0-fa30c7406c3e [] []
[2022-09-13T17:33:55.879675+00:00] blog.INFO: Post created: a583c7b8-5b4e-4537-ab39-00acc8fc868d [] []
[2022-09-13T17:33:55.885076+00:00] blog.INFO: Post created: 35474a6d-b1f2-4bb0-8bb4-2163a2d17a0f [] []
[2022-09-13T17:33:55.891141+00:00] blog.INFO: Post created: dfa305cf-7e8a-4c69-9082-b8ee91648eee [] []
[2022-09-13T17:33:55.896557+00:00] blog.INFO: Post created: b726a025-7548-4816-92a9-7112ffd92676 [] []
[2022-09-13T17:33:55.904865+00:00] blog.INFO: Post created: 8172d2d0-3966-4ee5-9f15-efdd699c7009 [] []
[2022-09-13T17:33:55.909090+00:00] blog.INFO: Post created: 2ed535cc-d9cb-4fe8-b4a7-442bfaf6f854 [] []
[2022-09-13T17:33:55.913841+00:00] blog.INFO: Post created: 2933170d-85d4-44f9-9273-1bc1d5471675 [] []
[2022-09-13T17:33:55.917747+00:00] blog.INFO: Post created: b4dcb798-d0ee-492a-be7f-0962c301e9a8 [] []
[2022-09-13T17:33:55.921673+00:00] blog.INFO: Post created: 98d0f260-b7ef-4608-9657-337f94fb2f2d [] []
[2022-09-13T17:33:55.925905+00:00] blog.INFO: Post created: 42d07f49-6ac8-4384-ac2b-6081ab5dc2dd [] []
[2022-09-13T17:33:55.931430+00:00] blog.INFO: Post created: 8c00eefa-df6e-4352-bb89-ba484a52e783 [] []
[2022-09-13T17:33:55.935835+00:00] blog.INFO: Post created: 432fd3be-e17d-4124-98f0-74dd295b9d2a [] []
[2022-09-13T17:33:55.939649+00:00] blog.INFO: Post created: 7764ac82-2f45-416c-b950-6d8e49649de6 [] []
[2022-09-13T17:33:55.946510+00:00] blog.INFO: Post created: 3abdd16e-ce0b-41c8-9671-25a27dfda97d [] []
[2022-09-13T17:33:55.951296+00:00] blog.INFO: Post created: 09dea22b-dd4b-4271-9875-30b1105ff5a9 [] []
[2022-09-13T17:33:55.955533+00:00] blog.INFO: Post created: 97c119e7-db84-4249-a140-2588cd138695 [] []
[2022-09-13T17:33:55.959755+00:00] blog.INFO: Post created: 01ab6362-4942-4351-951c-c6167eb64d11 [] []
[2022-09-13T17:33:55.964295+00:00] blog.INFO: Post created: 222e5651-7f7c-4336-adb3-dd2a3fc12b23 [] []
[2022-09-13T17:33:55.969232+00:00] blog.INFO: Post created: 4bf76e81-8037-4bca-ab15-c321f597c8e4 [] []
[2022-09-13T17:33:55.974242+00:00] blog.INFO: Post created: ea0f782a-ade0-4c5f-8773-3e5f13e48c91 [] []
[2022-09-13T17:33:55.977977+00:00] blog.INFO: Post created: 76ce0bd2-664a-4919-9043-ba8b16701fc2 [] []
[2022-09-13T17:33:55.983664+00:00] blog.INFO: Post created: 35b2600a-2c8c-4375-a359-ad6ec8ea0cd2 [] []
[2022-09-13T17:33:55.992068+00:00] blog.INFO: Post created: 7fba06c4-c3b4-4759-85c9-51bb0bd6c058 [] []
[2022-09-13T17:33:55.996328+00:00] blog.INFO: Post created: d239701c-265a-4d9d-9217-309379fabdcc [] []
[2022-09-13T17:33:56.000474+00:00] blog.INFO: Post created: e70957bc-584e-4af3-a3c0-0c70c8a16f95 [] []
[2022-09-13T17:33:56.004431+00:00] blog.INFO: Post created: 1db87d82-0325-4a36-ad90-b68901a58fa7 [] []
[2022-09-13T17:33:56.008602+00:00] blog.INFO: Post created: aa4f4bc0-3fd7-475e-8aa7-56dfad665f89 [] []
[2022-09-13T17:33:56.012711+00:00] blog.INFO: Post created: da177784-c9ba-4ad1-8307-48fa5a937b58 [] []
[2022-09-13T17:33:56.018481+00:00] blog.INFO: Post created: 1c0e0b43-d01b-4216-b867-eb9acaebcf50 [] []
[2022-09-13T17:33:56.024152+00:00] blog.INFO: Post created: 3dc45caf-b10c-4965-ac18-730a86ed9bce [] []
[2022-09-13T17:33:56.029652+00:00] blog.INFO: Post created: 5cd72f91-678b-4042-8fa9-233d674fb87c [] []
[2022-09-13T17:33:56.034283+00:00] blog.INFO: Post created: 99db1bf5-c985-4b49-a578-badcd2866f0a [] []
[2022-09-13T17:33:56.038371+00:00] blog.INFO: Post created: 90b28f3b-e4aa-4225-a981-4b32f22f4189 [] []
[2022-09-13T17:33:56.042914+00:00] blog.INFO: Post created: 9c512c30-d12e-410d-8cab-0475300a3dac [] []
[2022-09-13T17:33:56.047561+00:00] blog.INFO: Post created: 68605870-9646-4e61-a30d-c95349e6a5a7 [] []
[2022-09-13T17:33:56.055360+00:00] blog.INFO: Post created: 7482bada-53ab-4ba5-8c42-f3977d4ae188 [] []
[2022-09-13T17:33:56.059365+00:00] blog.INFO: Post created: 8962bc23-4f77-45eb-942a-ce329e3cc0b0 [] []
[2022-09-13T17:33:56.066241+00:00] blog.INFO: Post created: d2455f13-8181-49ef-8032-fca0f8f77270 [] []
[2022-09-13T17:33:56.071388+00:00] blog.INFO: Post created: f6e9c4ae-0489-451b-9d45-64e4e19ca377 [] []
[2022-09-13T17:33:56.075431+00:00] blog.INFO: Post created: fb1e458f-d155-4f10-89cb-c917135f269b [] []
[2022-09-13T17:33:56.082546+00:00] blog.INFO: Post created: ed33bf5c-0562-452f-bf00-23bb9ca64841 [] []
[2022-09-13T17:33:56.087541+00:00] blog.INFO: Post created: 78825cbd-d330-4294-90a4-a20dd9064b67 [] []
[2022-09-13T17:33:56.091676+00:00] blog.INFO: Post created: c178e451-f2f8-4642-8e2c-468db8802069 [] []
[2022-09-13T17:33:56.099425+00:00] blog.INFO: Post created: 790ce298-0f1a-4724-9b6f-ae557f697eb7 [] []
[2022-09-13T17:33:56.104027+00:00] blog.INFO: Post created: d5b0a175-0ca7-4054-b805-0fa63e741c1b [] []
[2022-09-13T17:33:56.108375+00:00] blog.INFO: Post created: 15fa2b58-9e06-4c49-b0ab-872919f44ecb [] []
[2022-09-13T17:33:56.114306+00:00] blog.INFO: Post created: 64f359b7-2548-487a-8a8e-f339db12256f [] []
[2022-09-13T17:33:56.120531+00:00] blog.INFO: Post created: 8570ae19-7789-4863-8a51-987864d30a1f [] []
[2022-09-13T17:33:56.124743+00:00] blog.INFO: Post created: 945f306f-9476-4915-832b-b184fe261aba [] []
[2022-09-13T17:33:56.128935+00:00] blog.INFO: Post created: a9f29499-50f8-4d8d-89c3-8bd7ebde39e4 [] []
[2022-09-13T17:33:56.133718+00:00] blog.INFO: Post created: 9be05ef7-9d0e-481c-afbe-77b2c5df6514 [] []
[2022-09-13T17:33:56.137738+00:00] blog.INFO: Post created: 7f98da80-a075-439d-8a8c-aaa4ca28ca97 [] []
[2022-09-13T17:33:56.156925+00:00] blog.INFO: Post created: 1dc89d30-9580-4c1d-8335-71e009fc6194 [] []
[2022-09-13T17:33:56.179325+00:00] blog.INFO: Post created: accf1911-d470-457e-8734-700c134a5074 [] []
[2022-09-13T17:33:56.204175+00:00] blog.INFO: Post created: d001e332-7ea0-4672-bad0-5d2346f85e52 [] []
[2022-09-13T17:33:56.215415+00:00] blog.INFO: Post created: d25b95ea-2ae2-4f87-a6ba-ee3044392408 [] []
[2022-09-13T17:33:56.221703+00:00] blog.INFO: Post created: 28989778-2761-4d73-a05e-ea7446e5e456 [] []
[2022-09-13T17:33:56.229843+00:00] blog.INFO: Post created: d0d20709-bb8c-45db-850f-8a875bd4c236 [] []
[2022-09-13T17:33:56.235483+00:00] blog.INFO: Post created: b0f94d04-e570-4f90-95a0-ab19ccab33a4 [] []
[2022-09-13T17:33:56.239835+00:00] blog.INFO: Post created: f161e848-3bfc-48cf-a632-ad3f80930eeb [] []
[2022-09-13T17:33:56.244117+00:00] blog.INFO: Post created: f8a11913-549b-468d-bf85-1aa926bc3912 [] []
[2022-09-13T17:33:56.249065+00:00] blog.INFO: Post created: 70fae09e-bec2-488d-9a2c-c70f4c677318 [] []
[2022-09-13T17:33:56.255181+00:00] blog.INFO: Post created: 0ea35126-f685-4563-80ab-759a8a82cdf1 [] []
[2022-09-13T17:33:56.259329+00:00] blog.INFO: Post created: bc867e52-d9d3-4c1a-bccf-ed60bbc7daf3 [] []
[2022-09-13T17:33:56.263629+00:00] blog.INFO: Post created: a21822d6-4716-4409-b74e-8cfe1456421f [] []
[2022-09-13T17:33:56.269638+00:00] blog.INFO: Post created: eb1dd4d6-1341-4b1f-819c-9de889500ac3 [] []
[2022-09-13T17:33:56.274263+00:00] blog.INFO: Post created: 3ba397fc-663b-4388-972b-f0db303203a7 [] []
[2022-09-13T17:33:56.278013+00:00] blog.INFO: Post created: 91b592cc-1e12-4ea0-bf73-f06f5bc79cd9 [] []
[2022-09-13T17:33:56.283295+00:00] blog.INFO: Post created: 856e78a1-dd8d-4784-84c2-31a5865fd45e [] []
[2022-09-13T17:33:56.287891+00:00] blog.INFO: Post created: ce4e92ee-c3a2-4510-8a70-0e1d4a4c7cd0 [] []
[2022-09-13T17:33:56.291860+00:00] blog.INFO: Post created: e600fff4-5ec7-49a6-909a-303e10238ec9 [] []
[2022-09-13T17:33:56.299851+00:00] blog.INFO: Post created: ff92cf6a-33c0-4c6d-9da2-4545e4e31e75 [] []
[2022-09-13T17:33:56.304632+00:00] blog.INFO: Post created: dc929013-827f-4b38-a009-1ce2c67180c4 [] []
[2022-09-13T17:33:56.308824+00:00] blog.INFO: Post created: 6acbbf0a-92a9-41d1-aec6-fe1259cbc7b4 [] []
[2022-09-13T17:33:56.312948+00:00] blog.INFO: Post created: 894f4ea0-ff05-41a8-a9d6-f959bb4bbb4c [] []
[2022-09-13T17:33:56.317737+00:00] blog.INFO: Post created: 9a2f1b64-3795-4f36-89f0-c217ad40d63b [] []
[2022-09-13T17:33:56.322202+00:00] blog.INFO: Post created: c8d66147-e737-4fb6-a195-45e7fb5baa12 [] []
[2022-09-13T17:33:56.326073+00:00] blog.INFO: Post created: 3d679dc9-e9d9-4df7-8d7e-b65bfac456b1 [] []
[2022-09-13T17:33:56.330831+00:00] blog.INFO: Post created: 3fd9e340-5177-4173-8869-e6a0c0ace3be [] []
[2022-09-13T17:33:56.336083+00:00] blog.INFO: Post created: 5b72796c-5261-444f-9f09-957d9a64d55a [] []
[2022-09-13T17:33:56.341751+00:00] blog.INFO: Post created: e68f4a6c-ab90-4ab9-beb2-7caf58b5c8d5 [] []
[2022-09-13T17:33:56.351346+00:00] blog.INFO: Post created: b04462eb-df9e-4ae4-b54f-5abdb55113b1 [] []
[2022-09-13T17:33:56.355469+00:00] blog.INFO: Post created: cb03afde-5641-4112-93a6-d7fef3aeab03 [] []
[2022-09-13T17:33:56.359280+00:00] blog.INFO: Post created: 18fdddf2-c1a6-45c2-8d3c-d08719249bbd [] []
[2022-09-13T17:33:56.364158+00:00] blog.INFO: Post created: b6bb7913-8e02-45a3-b8f2-b7e72614620c [] []
[2022-09-13T17:33:56.368823+00:00] blog.INFO: Post created: ec27e86f-f6ee-49b0-92d4-8e2101ce3116 [] []
[2022-09-13T17:33:56.372824+00:00] blog.INFO: Post created: 2d72534c-abde-43c9-a67c-b63ca0852f25 [] []
[2022-09-13T17:33:56.384603+00:00] blog.INFO: Post created: 9b68a892-dc93-4876-a988-d57c48127363 [] []
[2022-09-13T17:33:56.389650+00:00] blog.INFO: Post created: 97374f2f-5f48-4b29-b06c-b667050afe7c [] []
[2022-09-13T17:33:56.394323+00:00] blog.INFO: Post created: b1c3d084-251c-479b-83c8-7120b8a91ebf [] []
[2022-09-13T17:33:56.400361+00:00] blog.INFO: Post created: 41b09048-a094-461b-8377-5d7991b1c11d [] []
[2022-09-13T17:33:56.404753+00:00] blog.INFO: Post created: 4cea79a2-d96a-4114-b44c-5f27c697d795 [] []
[2022-09-13T17:33:56.409482+00:00] blog.INFO: Post created: 296d0b60-eb0b-4fd2-96de-ce182538e8d2 [] []
[2022-09-13T17:33:56.416132+00:00] blog.INFO: Post created: 973839f3-c715-468e-891b-6fc896b61bff [] []
[2022-09-13T17:33:56.422051+00:00] blog.INFO: Post created: a0d07242-da90-4019-a4ee-58fc69d5ca22 [] []
[2022-09-13T17:33:56.429463+00:00] blog.INFO: Post created: 40b53e07-7eaa-4c58-9b48-4ac47a3ddfc6 [] []
[2022-09-13T17:33:56.435235+00:00] blog.INFO: Post created: 67e42745-588e-44fc-89c0-d2933d85e7b8 [] []
[2022-09-13T17:33:56.439500+00:00] blog.INFO: Post created: 66b26c5c-eac3-4849-b579-3a07fdaeaf35 [] []
[2022-09-13T17:33:56.443873+00:00] blog.INFO: Post created: feba084e-9168-4a71-9285-5f5299ed8d91 [] []
[2022-09-13T17:33:56.448508+00:00] blog.INFO: Post created: 622bf730-8890-48f2-9566-91c853085e95 [] []
[2022-09-13T17:33:56.455062+00:00] blog.INFO: Post created: 5da51542-3c15-48fb-93df-f2f926527361 [] []
[2022-09-13T17:33:56.463990+00:00] blog.INFO: Post created: f7c75dec-ac75-495c-a632-a404fae99d73 [] []
[2022-09-13T17:33:56.468435+00:00] blog.INFO: Post created: ffdd9a13-7fe2-48f8-96a4-c83874294127 [] []
[2022-09-13T17:33:56.473146+00:00] blog.INFO: Post created: a367a93e-01a9-48bc-bcc4-8b2eddfeb5d1 [] []
[2022-09-13T17:33:56.477369+00:00] blog.INFO: Post created: d7a71ca7-84b0-474a-abab-2961bc66e4fa [] []
[2022-09-13T17:33:56.483408+00:00] blog.INFO: Post created: c2f48bf2-54e4-4a45-9dfd-d07b64486853 [] []
[2022-09-13T17:33:56.489494+00:00] blog.INFO: Post created: e43f5975-38dc-4658-99a9-4646004db8eb [] []
[2022-09-13T17:33:56.494156+00:00] blog.INFO: Post created: e00f86d6-6e1d-4030-96be-743e15cd84a4 [] []
[2022-09-13T17:33:56.498618+00:00] blog.INFO: Post created: 6efd9369-6e9a-4fd0-80aa-d6f871c6cc80 [] []
[2022-09-13T17:33:56.508873+00:00] blog.INFO: Post created: 6bca58e3-2fd5-47c9-9701-2f38f9230f57 [] []
[2022-09-13T17:33:56.515325+00:00] blog.INFO: Post created: 33186d22-098a-4da6-836d-5837d7ca9e70 [] []
[2022-09-13T17:33:56.521507+00:00] blog.INFO: Post created: 27644957-7826-435d-a5e9-b799a818f8c4 [] []
[2022-09-13T17:33:56.525802+00:00] blog.INFO: Post created: 2566a38e-e365-456f-abf3-fadfb93ded97 [] []
[2022-09-13T17:33:56.530071+00:00] blog.INFO: Post created: 3f56c73b-de58-4ec7-9dba-46c549e101d5 [] []
[2022-09-13T17:33:56.537696+00:00] blog.INFO: Post created: 2705a0a0-273a-45f9-9490-2857a5a08e7a [] []
[2022-09-13T17:33:56.543840+00:00] blog.INFO: Post created: c76b38d1-c3c6-4f47-94a0-4a527f5876de [] []
[2022-09-13T17:33:56.548884+00:00] blog.INFO: Post created: 6d105571-8860-49bb-8061-a2f26c5d2e90 [] []
[2022-09-13T17:33:56.555282+00:00] blog.INFO: Post created: f5d18a0e-934f-41c5-95a1-0c8a93a8dc32 [] []
[2022-09-13T17:33:56.559378+00:00] blog.INFO: Post created: c11984ce-9c78-4b3f-b403-a9b8a200e525 [] []
[2022-09-13T17:33:56.563926+00:00] blog.INFO: Post created: e0c8a419-7523-475b-9dcd-ba5580e2b612 [] []
[2022-09-13T17:33:56.569183+00:00] blog.INFO: Post created: ed4c57e2-819b-40b0-b093-dade56ca9c43 [] []
[2022-09-13T17:33:56.574871+00:00] blog.INFO: Post created: 4b3df826-e665-43fe-a16f-240b89d3b034 [] []
[2022-09-13T17:33:56.587107+00:00] blog.INFO: Post created: 2f4d4562-0a61-4bf9-be40-4d8da486c0cd [] []
[2022-09-13T17:33:56.592479+00:00] blog.INFO: Post created: 8d1354dd-dc17-413b-84b2-e763151649c6 [] []
[2022-09-13T17:33:56.597470+00:00] blog.INFO: Post created: b2d4d692-7fdd-4c63-b165-c3b6fdf62c3f [] []
[2022-09-13T17:33:56.601563+00:00] blog.INFO: Post created: d50bcc64-600e-4b19-9db5-d443e67acd85 [] []
[2022-09-13T17:33:56.605728+00:00] blog.INFO: Post created: 8f2c7261-362d-44f6-bbd5-7963fb77821f [] []
[2022-09-13T17:33:56.609729+00:00] blog.INFO: Post created: ae01863c-522c-411b-84aa-53afaf339f16 [] []
[2022-09-13T17:33:56.615143+00:00] blog.INFO: Post created: 8b50e705-44de-4f6b-8e3f-cedcd7327f47 [] []
[2022-09-13T17:33:56.619768+00:00] blog.INFO: Post created: 8ae63311-2d84-460d-8985-3e5d92f233bc [] []
[2022-09-13T17:33:56.623925+00:00] blog.INFO: Post created: 9cedb218-7d27-47a1-a292-7c7c27124204 [] []
[2022-09-13T17:33:56.630590+00:00] blog.INFO: Post created: 5fa66812-9502-4f4a-87c6-d7a7e3f3073a [] []
[2022-09-13T17:33:56.635169+00:00] blog.INFO: Post created: 1b3509d8-c854-47d9-9c42-74df84cf402e [] []
[2022-09-13T17:33:56.639220+00:00] blog.INFO: Post created: 46ed9c76-b770-4da9-859c-cdf003fea2ed [] []
[2022-09-13T17:33:56.643752+00:00] blog.INFO: Post created: 7fcf3679-1889-4ca9-a458-267d0e94d3b7 [] []
[2022-09-13T17:33:56.649005+00:00] blog.INFO: Post created: 970a91d1-9e15-4cfa-b10d-7a24b08c8433 [] []
[2022-09-13T17:33:56.654551+00:00] blog.INFO: Post created: 06ce237e-de91-4ee8-af34-e61889bf8b6f [] []
[2022-09-13T17:33:56.659229+00:00] blog.INFO: Post created: ac21f614-c112-4f77-8371-91659c1f375c [] []
[2022-09-13T17:33:56.666741+00:00] blog.INFO: Post created: e99ecaf7-f177-4fad-9e32-28796907ef80 [] []
[2022-09-13T17:33:56.671157+00:00] blog.INFO: Post created: ff270331-cbfb-4db6-a76b-38778a933730 [] []
[2022-09-13T17:33:56.675892+00:00] blog.INFO: Post created: 3e5d20d9-5384-47c1-9fd1-93b4f0d5f499 [] []
[2022-09-13T17:33:56.682522+00:00] blog.INFO: Post created: 064b7ef1-85cc-4455-a0da-c1d088a9805e [] []
[2022-09-13T17:33:56.689136+00:00] blog.INFO: Post created: 50b5d57a-3149-4d2f-80e4-5f409aa5816d [] []
[2022-09-13T17:33:56.693295+00:00] blog.INFO: Post created: 3db41b48-5f55-4c23-89ed-6769e1a1aa8f [] []
[2022-09-13T17:33:56.697878+00:00] blog.INFO: Post created: 6842e024-4a11-4d65-a4b1-7bb3cfa44856 [] []
[2022-09-13T17:33:56.704255+00:00] blog.INFO: Post created: 71110cb5-0490-4fc0-bcf2-7cdbcec4d611 [] []
[2022-09-13T17:33:56.720985+00:00] blog.INFO: Post created: 8f9e6b9a-adc0-44f6-a682-e76f0c1f677d [] []
[2022-09-13T17:33:56.727260+00:00] blog.INFO: Post created: d3a45eef-5260-435e-a35b-09f7232bd6ef [] []
[2022-09-13T17:33:56.735510+00:00] blog.INFO: Post created: a4039c36-7b29-4d99-9c53-1b1ceca86cfa [] []
[2022-09-13T17:33:56.750729+00:00] blog.INFO: Post created: dc993eb7-5f2c-40a1-80cb-ed85558858af [] []
[2022-09-13T17:33:56.755266+00:00] blog.INFO: Post created: 269018c1-1833-4e88-a16d-04f48b827ae0 [] []
[2022-09-13T17:33:56.759536+00:00] blog.INFO: Post created: c0d80708-0158-4d33-9f97-a73794d3d985 [] []
[2022-09-13T17:33:56.764618+00:00] blog.INFO: Post created: e58f1071-e849-46fd-82d6-429fdc026115 [] []
[2022-09-13T17:33:56.771640+00:00] blog.INFO: Post created: df614731-f1d1-421b-bb1b-6e12f097a594 [] []
[2022-09-13T17:33:56.776715+00:00] blog.INFO: Post created: a195ba16-8d1d-40eb-bf23-d3619e301ab6 [] []
[2022-09-13T17:33:56.782097+00:00] blog.INFO: Post created: 04560ced-8cf8-4bbb-ab8f-b9477e10986a [] []
[2022-09-13T17:33:56.792651+00:00] blog.INFO: Post created: 401c5fbe-a7aa-46d4-a8f7-db45076ff012 [] []
[2022-09-13T17:33:56.803041+00:00] blog.INFO: Post created: 78f9fc41-bd0c-4e44-9f3c-ace5bdcebdf1 [] []
[2022-09-13T17:33:56.808139+00:00] blog.INFO: Post created: 60d86158-c14a-4e6c-8212-ad90c2ed818b [] []
[2022-09-13T17:33:56.813081+00:00] blog.INFO: Post created: f0d1b860-421f-4602-9727-107ecc295c8f [] []
[2022-09-13T17:33:56.819487+00:00] blog.INFO: Post created: dffaa50c-a249-4c61-9264-ee88d8dd36ba [] []
[2022-09-13T17:33:56.823562+00:00] blog.INFO: Post created: f1a7f2ff-c725-4ef2-b61f-8e755162769f [] []
[2022-09-13T17:33:56.827589+00:00] blog.INFO: Post created: 8f6eb93a-d889-4d09-be94-10f556535bd5 [] []
[2022-09-13T17:33:56.833395+00:00] blog.INFO: Post created: dda2524d-25e4-4f73-a1c5-d2b4dcfe2f99 [] []
[2022-09-13T17:33:56.838434+00:00] blog.INFO: Post created: 37a2a9cb-4415-4403-8b90-f25f1214ba45 [] []
[2022-09-13T17:33:56.843540+00:00] blog.INFO: Post created: bdb024db-48e8-42f8-ab79-3a7bb6938e6d [] []
[2022-09-13T17:33:56.848341+00:00] blog.INFO: Post created: d69160ff-927b-4ffa-b78e-0b8a1af960a7 [] []
[2022-09-13T17:33:56.852286+00:00] blog.INFO: Post created: 48c14bc9-b0d9-4769-a33d-6e87e805432f [] []
[2022-09-13T17:33:56.856225+00:00] blog.INFO: Post created: 77cb17f2-a8a4-4dbf-abe3-196c49fdd4ed [] []
[2022-09-13T17:33:56.860371+00:00] blog.INFO: Post created: 469b3546-450d-44fb-a2eb-10368696e812 [] []
[2022-09-13T17:33:56.869452+00:00] blog.INFO: Post created: f6ab6506-0d05-4617-b293-74edc075de95 [] []
[2022-09-13T17:33:56.874104+00:00] blog.INFO: Post created: 7ba86914-6840-4ad1-b201-7828c0f07e62 [] []
[2022-09-13T17:33:56.877883+00:00] blog.INFO: Post created: 9ca32f08-5cba-4b09-83c8-44ae4426da13 [] []
[2022-09-13T17:33:56.881810+00:00] blog.INFO: Post created: 1416b598-4dc9-4d9d-a082-670aa06ab18b [] []
[2022-09-13T17:33:56.885610+00:00] blog.INFO: Post created: 97c09a8b-5aec-4813-b38f-9b15872ddff2 [] []
[2022-09-13T17:33:56.889528+00:00] blog.INFO: Post created: 31823048-5011-4ab9-aca2-78471349b9d5 [] []
[2022-09-13T17:33:56.893236+00:00] blog.INFO: Post created: a6402ef8-9c56-4a07-baaa-baaa94ec6840 [] []
[2022-09-13T17:33:56.902225+00:00] blog.INFO: Post created: b57faeaf-7915-4e8e-8dfa-711e87190d1a [] []
[2022-09-13T17:33:56.906988+00:00] blog.INFO: Post created: bb59df86-7d99-4755-b376-75c5fe4ac92d [] []
[2022-09-13T17:33:56.913747+00:00] blog.INFO: Post created: 91931ad7-8649-4108-badc-f8b57b17a142 [] []
[2022-09-13T17:33:56.918548+00:00] blog.INFO: Post created: 2ac64958-b7ed-4346-8d95-2de1ed79a0fd [] []
[2022-09-13T17:33:56.923300+00:00] blog.INFO: Post created: 7de09e97-331e-4ffa-bb0a-d251fca73497 [] []
[2022-09-13T17:33:56.928006+00:00] blog.INFO: Post created: 03c3f4b4-5942-4b8c-8f75-c420e523a581 [] []
[2022-09-13T17:33:56.934676+00:00] blog.INFO: Post created: de667bf4-b590-4c20-94c3-df1ed862e28c [] []
[2022-09-13T17:33:56.939647+00:00] blog.INFO: Post created: 135c9239-ce98-43ed-b137-bb276f85ec97 [] []
[2022-09-13T17:33:56.946923+00:00] blog.INFO: Post created: 3fccfd6c-3394-4e86-913e-f57f027f2904 [] []
[2022-09-13T17:33:56.951949+00:00] blog.INFO: Post created: eec2539f-9249-4c58-bbc4-484ac423b948 [] []
[2022-09-13T17:33:56.956037+00:00] blog.INFO: Post created: 17ce1c3e-edb7-4d6d-8353-6ab267e508b7 [] []
[2022-09-13T17:33:56.960893+00:00] blog.INFO: Post created: f53b816d-7fd6-4992-85c1-1fe8e511e464 [] []
[2022-09-13T17:33:56.965362+00:00] blog.INFO: Post created: 81fe7369-4260-4c03-a56f-003269cbfdad [] []
[2022-09-13T17:33:56.971112+00:00] blog.INFO: Post created: 86f8de7d-9dcf-43aa-b8c8-f0e498a407ab [] []
[2022-09-13T17:33:56.981146+00:00] blog.INFO: Post created: c5c34478-f456-43f5-a972-87e5bb6f32ae [] []
[2022-09-13T17:33:56.987628+00:00] blog.INFO: Post created: d843deea-6085-4b71-adcd-98d76403ecfe [] []
[2022-09-13T17:33:56.992372+00:00] blog.INFO: Post created: 4dc7ad30-7282-4427-8b06-6d799fa149fa [] []
[2022-09-13T17:33:56.996522+00:00] blog.INFO: Post created: ff1eff3a-a72c-48a9-8137-3f2f5af90457 [] []
[2022-09-13T17:33:57.000953+00:00] blog.INFO: Post created: b19e88be-fb27-4832-a2be-e748292e162e [] []
[2022-09-13T17:33:57.005620+00:00] blog.INFO: Post created: 79523762-fc8f-4d47-aca1-a9cc6a7fcb64 [] []
[2022-09-13T17:36:54.157960+00:00] blog.INFO: Post created: 6dd4e5f3-52a5-4e55-b0d1-f329d075106f [] []
[2022-09-13T17:36:54.165265+00:00] blog.INFO: Post created: c36f3d57-5d6c-46cc-898c-108cb477334b [] []
[2022-09-13T17:36:54.170983+00:00] blog.INFO: Post created: 133e0ff9-033f-47e8-b349-2162731c1d18 [] []
[2022-09-13T17:36:54.175663+00:00] blog.INFO: Post created: 5b5ca714-2e99-4321-8310-793f37e1d9fc [] []
[2022-09-13T17:36:54.180649+00:00] blog.INFO: Post created: 30718d25-5306-4522-8738-408288a9271b [] []
[2022-09-13T17:36:54.187263+00:00] blog.INFO: Post created: 991d2cc1-54e1-447c-9b3f-4ed025523bc8 [] []
[2022-09-13T17:36:54.192144+00:00] blog.INFO: Post created: 2ad8f865-29dc-401b-8520-25989dc1ce52 [] []
[2022-09-13T17:36:54.196562+00:00] blog.INFO: Post created: 1b15c987-c7c4-4f5e-94d4-ecfe8d789626 [] []
[2022-09-13T17:36:54.202014+00:00] blog.INFO: Post created: 763018af-78f9-4394-9536-9af064543d7b [] []
[2022-09-13T17:36:54.207038+00:00] blog.INFO: Post created: 344901a6-7e26-419e-a78a-bd0f0c9c7053 [] []
[2022-09-13T17:36:54.212223+00:00] blog.INFO: Post created: c4629978-5231-4d29-8278-2884c453301c [] []
[2022-09-13T17:36:54.217406+00:00] blog.INFO: Post created: 3d55056f-355e-458d-8a5e-4ae8e10fa888 [] []
[2022-09-13T17:36:54.222508+00:00] blog.INFO: Post created: f44202fc-22bd-482f-a928-b9ae53825e92 [] []
[2022-09-13T17:36:54.227476+00:00] blog.INFO: Post created: ced76543-50a2-48e0-8d03-6fdab644a336 [] []
[2022-09-13T17:36:54.234500+00:00] blog.INFO: Post created: 49dc0ef4-591b-4c08-814f-d225dd75af53 [] []
[2022-09-13T17:36:54.239736+00:00] blog.INFO: Post created: 8eb42c58-f0a8-4f8d-97c5-980d2c5acb3a [] []
[2022-09-13T17:36:54.247035+00:00] blog.INFO: Post created: a9c46cd5-4b9d-4889-a23b-ef65c98074c6 [] []
[2022-09-13T17:36:54.253027+00:00] blog.INFO: Post created: fa794c42-2380-4d16-ab64-2383feaa0a4c [] []
[2022-09-13T17:36:54.261002+00:00] blog.INFO: Post created: 434b94e1-f044-4130-9096-aff008ecef72 [] []
[2022-09-13T17:36:54.267252+00:00] blog.INFO: Post created: db59c9b8-11a6-47e2-8780-bb3efa5f9e1e [] []
[2022-09-13T17:36:54.273317+00:00] blog.INFO: Post created: 65ec5051-86cd-4fa5-b762-93d03054008d [] []
[2022-09-13T17:36:54.279091+00:00] blog.INFO: Post created: bf6f174e-31c5-4e1e-9d5c-a7c3738ec3cb [] []
[2022-09-13T17:36:54.283589+00:00] blog.INFO: Post created: 5dec9155-487f-4ddb-8a1f-4f3f52990d49 [] []
[2022-09-13T17:36:54.288688+00:00] blog.INFO: Post created: 29633046-cb70-4637-a433-a513b0cabb3f [] []
[2022-09-13T17:36:54.293689+00:00] blog.INFO: Post created: c037e0a6-6968-4bcc-b98a-e842e9df481f [] []
[2022-09-13T17:36:54.297929+00:00] blog.INFO: Post created: c041ee1d-feb4-44e0-b9be-51fd96b7d500 [] []
[2022-09-13T17:36:54.302928+00:00] blog.INFO: Post created: b8cb9061-ac02-470f-a47b-b63eed683440 [] []
[2022-09-13T17:36:54.311745+00:00] blog.INFO: Post created: 086fbd16-38d5-409c-a163-a546ce5defe1 [] []
[2022-09-13T17:36:54.317857+00:00] blog.INFO: Post created: 0397e802-d9ed-4ee7-9bd8-014fa7df9506 [] []
[2022-09-13T17:36:54.322633+00:00] blog.INFO: Post created: d54839e1-4f54-4750-9692-717b2d95e9a5 [] []
[2022-09-13T17:36:54.327052+00:00] blog.INFO: Post created: 5117a974-6c72-4928-a033-2fb99e636b24 [] []
[2022-09-13T17:36:54.331415+00:00] blog.INFO: Post created: 845846e2-4c2a-49a2-bb35-e1ff0ef37794 [] []
[2022-09-13T17:36:54.335980+00:00] blog.INFO: Post created: 3eb753e1-6366-47e2-8929-6d3a213693e1 [] []
[2022-09-13T17:36:54.344878+00:00] blog.INFO: Post created: 1b1d3895-52ad-45fa-82e6-d2e774abcb85 [] []
[2022-09-13T17:36:54.349396+00:00] blog.INFO: Post created: e6185e67-f107-4c06-b58a-93310f0c1b11 [] []
[2022-09-13T17:36:54.354471+00:00] blog.INFO: Post created: 6c4b9e2f-77f6-4566-b194-30d0c3a6fb7a [] []
[2022-09-13T17:36:54.359009+00:00] blog.INFO: Post created: 4b7db196-7da9-463f-8667-a2599f06de21 [] []
[2022-09-13T17:36:54.363303+00:00] blog.INFO: Post created: 947e2d40-6da7-4c2a-8f8c-e219ca235f1f [] []
[2022-09-13T17:36:54.368164+00:00] blog.INFO: Post created: 433d5258-d92b-49b1-9695-a52b45a1fa13 [] []
[2022-09-13T17:36:54.372555+00:00] blog.INFO: Post created: b3536eb7-481a-4f9e-9f37-35717d63d2e8 [] []
[2022-09-13T17:36:54.377449+00:00] blog.INFO: Post created: 0f4d40ec-7f79-458b-8ea1-bfad3c37fb39 [] []
[2022-09-13T17:36:54.382242+00:00] blog.INFO: Post created: 3dbf68e9-51c8-463d-be78-049ac914ab0d [] []
[2022-09-13T17:36:54.389158+00:00] blog.INFO: Post created: d262aaba-c825-4e3b-95e4-278b8d7d170d [] []
[2022-09-13T17:36:54.393683+00:00] blog.INFO: Post created: b20078c6-b8ce-4aba-bddb-eda6343efc26 [] []
[2022-09-13T17:36:54.397480+00:00] blog.INFO: Post created: 0d66af99-bf6c-4b49-8af6-a5dcd6c31d2f [] []
[2022-09-13T17:36:54.401783+00:00] blog.INFO: Post created: 828f47ac-9121-4961-8bee-b8675efe02f4 [] []
[2022-09-13T17:36:54.406061+00:00] blog.INFO: Post created: 5cd4ef11-24ed-43d5-bb2a-8a4749f99b6d [] []
[2022-09-13T17:36:54.411158+00:00] blog.INFO: Post created: c2c33aa8-efec-493b-8f90-559c5affe3bc [] []
[2022-09-13T17:36:54.416355+00:00] blog.INFO: Post created: bd9336dd-3722-444b-983b-607cf585c4c5 [] []
[2022-09-13T17:36:54.423340+00:00] blog.INFO: Post created: 53e2a66a-4131-41f8-9083-7c0dbe34139a [] []
[2022-09-13T17:36:54.426990+00:00] blog.INFO: Post created: 2063b8d4-7bb2-49e6-abec-461374f3bd73 [] []
[2022-09-13T17:36:54.431170+00:00] blog.INFO: Post created: c2392a44-0941-49f1-bd17-716be21bd4ea [] []
[2022-09-13T17:36:54.435051+00:00] blog.INFO: Post created: b01ccd91-6435-42cc-ae83-c8e900416f4f [] []
[2022-09-13T17:36:54.439134+00:00] blog.INFO: Post created: 40e36e3f-40f6-4cab-acf3-10e58408f131 [] []
[2022-09-13T17:36:54.444325+00:00] blog.INFO: Post created: 4824d523-a2c6-4644-bfe4-c57ee2d5fe19 [] []
[2022-09-13T17:36:54.448712+00:00] blog.INFO: Post created: 5fc8fafd-b764-4630-becf-0f65b98b48e9 [] []
[2022-09-13T17:36:54.453068+00:00] blog.INFO: Post created: 1e865d5b-acdd-4cc4-a2f0-cc2caba2aaf4 [] []
[2022-09-13T17:36:54.457195+00:00] blog.INFO: Post created: 1ba0613e-bc2c-41a2-9aca-39b640baa314 [] []
[2022-09-13T17:36:54.461230+00:00] blog.INFO: Post created: 59d00af1-88e2-4ee0-9e9d-cfecc74953ab [] []
[2022-09-13T17:36:54.468549+00:00] blog.INFO: Post created: 4fc72cbf-e387-47c1-96e7-c0ca7621ae97 [] []
[2022-09-13T17:36:54.473276+00:00] blog.INFO: Post created: 5c0c02f9-23c4-43be-a509-132310391ed9 [] []
[2022-09-13T17:36:54.479189+00:00] blog.INFO: Post created: 9b882da7-4164-4c03-b57c-e1cceb8afeeb [] []
[2022-09-13T17:36:54.483451+00:00] blog.INFO: Post created: f59594cb-afc3-4e9d-ac7a-983bf02f4a25 [] []
[2022-09-13T17:36:54.487620+00:00] blog.INFO: Post created: b8faad01-980e-4032-b4f9-596a2ff830b9 [] []
[2022-09-13T17:36:54.491317+00:00] blog.INFO: Post created: fb5fd60b-8482-461e-bde6-396f6793d1f0 [] []
[2022-09-13T17:36:54.497392+00:00] blog.INFO: Post created: 5d894b52-a3d0-4800-81c2-e0b77d906f76 [] []
[2022-09-13T17:36:54.502789+00:00] blog.INFO: Post created: 09b44995-83af-4e5f-b378-872c80b60de2 [] []
[2022-09-13T17:36:54.507780+00:00] blog.INFO: Post created: 8e668195-c79f-4a06-8a00-d4364166ed6c [] []
[2022-09-13T17:36:54.513540+00:00] blog.INFO: Post created: aa4b22c3-b41a-462e-aec8-6ea0b4994653 [] []
[2022-09-13T17:36:54.517798+00:00] blog.INFO: Post created: 363832c6-1c33-439d-98bd-4a6300daf258 [] []
[2022-09-13T17:36:54.522745+00:00] blog.INFO: Post created: f7593d44-4d20-4617-bf65-0efd70095877 [] []
[2022-09-13T17:36:54.526569+00:00] blog.INFO: Post created: 1756afec-7e7e-481c-be44-8bd69be2985f [] []
[2022-09-13T17:36:54.530557+00:00] blog.INFO: Post created: 46ed6d63-46c1-48ba-9d41-8212ba69e3c7 [] []
[2022-09-13T17:36:54.534638+00:00] blog.INFO: Post created: 21bcf7da-e83e-4c78-9a23-002ad85ee7bd [] []
[2022-09-13T17:36:54.538639+00:00] blog.INFO: Post created: 31efd514-18b3-4c95-8a51-f7601d858486 [] []
[2022-09-13T17:36:54.547614+00:00] blog.INFO: Post created: 656d6331-d576-4b5b-82d7-761d846235d1 [] []
[2022-09-13T17:36:54.552761+00:00] blog.INFO: Post created: 1545b294-72f6-47eb-adcb-6fe9b75bcb05 [] []
[2022-09-13T17:36:54.557247+00:00] blog.INFO: Post created: b5eba34b-d2d4-4913-88d7-13a77c2e7254 [] []
[2022-09-13T17:36:54.560964+00:00] blog.INFO: Post created: 1229b164-bff4-426f-8348-59f6297137b2 [] []
[2022-09-13T17:36:54.564704+00:00] blog.INFO: Post created: fcb3a2ed-89c7-4c2e-ad07-72e182b10940 [] []
[2022-09-13T17:36:54.568779+00:00] blog.INFO: Post created: 1cbfbb68-c675-4435-ab54-ef40084132e1 [] []
[2022-09-13T17:36:54.575749+00:00] blog.INFO: Post created: df6fdca5-20a4-4d7c-a6c5-56ad965ee43f [] []
[2022-09-13T17:36:54.583038+00:00] blog.INFO: Post created: e8fcd472-c694-44b7-975d-2f28117602c3 [] []
[2022-09-13T17:36:54.589241+00:00] blog.INFO: Post created: 08ffce6f-366b-4268-9350-fd9a1c39e4eb [] []
[2022-09-13T17:36:54.596026+00:00] blog.INFO: Post created: 22e59e70-d3a4-4f0c-ba4c-ddb0bb1d31b4 [] []
[2022-09-13T17:36:54.603075+00:00] blog.INFO: Post created: cc798255-201c-4850-ba90-f83cf01af000 [] []
[2022-09-13T17:36:54.611069+00:00] blog.INFO: Post created: 30e84ef1-075b-4e37-9848-349b71b38853 [] []
[2022-09-13T17:36:54.617714+00:00] blog.INFO: Post created: 15f6c27d-d9a0-4715-b94a-a8eb5452e14f [] []
[2022-09-13T17:36:54.626935+00:00] blog.INFO: Post created: ff440b14-3520-4615-98b9-29d467656a7d [] []
[2022-09-13T17:36:54.631918+00:00] blog.INFO: Post created: ff93d636-7e25-4c83-a75b-5488a2f0ab47 [] []
[2022-09-13T17:36:54.637306+00:00] blog.INFO: Post created: 6aa8d6ba-c9d5-4f53-9f04-4670372a1e0b [] []
[2022-09-13T17:36:54.643568+00:00] blog.INFO: Post created: e752a272-c1a7-4ba4-9df2-8f75603db903 [] []
[2022-09-13T17:36:54.649490+00:00] blog.INFO: Post created: fe859cb9-be73-4a6f-81ca-d2c279cb8261 [] []
[2022-09-13T17:36:54.655523+00:00] blog.INFO: Post created: 7aace0c2-8c5e-4521-ae64-5fa2348ca06d [] []
[2022-09-13T17:36:54.659560+00:00] blog.INFO: Post created: 535a0346-c0e1-4fd2-8404-514468c85e56 [] []
[2022-09-13T17:36:54.664147+00:00] blog.INFO: Post created: 3d452f30-fc6b-4feb-bfd2-6822350a5c5b [] []
[2022-09-13T17:36:54.677445+00:00] blog.INFO: Post created: cce454c7-9dba-4246-a48d-42790fcaf24c [] []
[2022-09-13T17:36:54.684188+00:00] blog.INFO: Post created: 25f19524-51b6-45be-a64b-6fe06152e61c [] []
[2022-09-13T17:36:54.689117+00:00] blog.INFO: Post created: d1ed6e16-9982-4646-bfaa-9b513e6c3690 [] []
[2022-09-13T17:36:54.692936+00:00] blog.INFO: Post created: 19a5be73-67e4-4c70-9d76-be6ed9d069f8 [] []
[2022-09-13T17:36:54.701531+00:00] blog.INFO: Post created: 2d6346bb-69f5-4af6-bc9b-a0dc12ab2fd9 [] []
[2022-09-13T17:36:54.707388+00:00] blog.INFO: Post created: b32c1462-6049-4b81-8b2c-5d412790aad2 [] []
[2022-09-13T17:36:54.712269+00:00] blog.INFO: Post created: ca1ca72f-cf4b-4bb1-b7a2-b4934c52bc7c [] []
[2022-09-13T17:36:54.716200+00:00] blog.INFO: Post created: 5b3caa6b-f3c0-47ba-872a-871cd8e9fc42 [] []
[2022-09-13T17:36:54.720969+00:00] blog.INFO: Post created: e1a17cb8-4ae0-4df1-918d-3719ae5a5149 [] []
[2022-09-13T17:36:54.724790+00:00] blog.INFO: Post created: cdb575b8-ba6d-4704-8218-17d0eeadfa1d [] []
[2022-09-13T17:36:54.728951+00:00] blog.INFO: Post created: db130adc-1310-4eb9-9c7d-133c2e54fb93 [] []
[2022-09-13T17:36:54.733740+00:00] blog.INFO: Post created: 0e9790d2-0424-428f-9902-59524eb1c355 [] []
[2022-09-13T17:36:54.738021+00:00] blog.INFO: Post created: 3b8ae35b-9252-4878-a557-4cc290a9b3b0 [] []
[2022-09-13T17:36:54.744378+00:00] blog.INFO: Post created: 5d1333cf-005f-42cb-8a99-7b7b605e1a26 [] []
[2022-09-13T17:36:54.754324+00:00] blog.INFO: Post created: ec969136-f76b-459a-acf5-c4024d464299 [] []
[2022-09-13T17:36:54.758492+00:00] blog.INFO: Post created: 692c530f-3cc1-4ffe-8fe5-4a59d1680835 [] []
[2022-09-13T17:36:54.762794+00:00] blog.INFO: Post created: 6a19427b-e752-4733-a4dc-208298d81e2a [] []
[2022-09-13T17:36:54.766602+00:00] blog.INFO: Post created: 293da2ca-d369-444b-8ef2-3dfca328a499 [] []
[2022-09-13T17:36:54.771584+00:00] blog.INFO: Post created: 6c411366-dcad-4b00-97c0-4e418173819e [] []
[2022-09-13T17:36:54.775572+00:00] blog.INFO: Post created: df40f77c-94d4-4bfb-94fe-f69f3e94f3c8 [] []
[2022-09-13T17:36:54.781592+00:00] blog.INFO: Post created: 6b2f7b04-eaa4-4bd9-a986-aa4c6089a247 [] []
[2022-09-13T17:36:54.786373+00:00] blog.INFO: Post created: 183ec2ac-4768-46ca-bfcd-7e7dc9182e21 [] []
[2022-09-13T17:36:54.791231+00:00] blog.INFO: Post created: d9082647-7982-4220-be8b-7006ebcd7e16 [] []
[2022-09-13T17:36:54.796696+00:00] blog.INFO: Post created: 01e92beb-7e19-4edc-a4e7-d571eb7b5b30 [] []
[2022-09-13T17:36:54.800528+00:00] blog.INFO: Post created: 685d24af-b273-4090-97b1-11de0066534a [] []
[2022-09-13T17:36:54.804391+00:00] blog.INFO: Post created: f0c92632-b06b-438a-a546-825453dbac87 [] []
[2022-09-13T17:36:54.808573+00:00] blog.INFO: Post created: 8fd7e0fd-7767-4194-8665-4b06af0b442f [] []
[2022-09-13T17:36:54.812473+00:00] blog.INFO: Post created: 5b699c52-d84f-4160-8cb1-08ae67b1e18d [] []
[2022-09-13T17:36:54.816289+00:00] blog.INFO: Post created: 08509c9e-45e7-4383-9a59-f50306bf9672 [] []
[2022-09-13T17:36:54.821136+00:00] blog.INFO: Post created: ac876b20-26af-4974-ad85-4200bd8fe625 [] []
[2022-09-13T17:36:54.832137+00:00] blog.INFO: Post created: cf1b70ff-8a36-4cc8-b5c4-cc1c132c7902 [] []
[2022-09-13T17:36:54.836885+00:00] blog.INFO: Post created: 1aa28f67-20e3-46f4-bfae-5d1bdc809183 [] []
[2022-09-13T17:36:54.840804+00:00] blog.INFO: Post created: 44e47e7c-c8a4-4c32-bfe9-e48f3947c5ce [] []
[2022-09-13T17:36:54.844863+00:00] blog.INFO: Post created: a99547e3-1ea7-412a-a279-0d8c3e23bcbc [] []
[2022-09-13T17:36:54.848668+00:00] blog.INFO: Post created: b61f2d73-39ad-49f3-b085-e29c66a47a33 [] []
[2022-09-13T17:36:54.856575+00:00] blog.INFO: Post created: da1bd880-3769-43cc-89fa-912a62f0146f [] []
[2022-09-13T17:36:54.861300+00:00] blog.INFO: Post created: 31c85ed8-3f7b-47a2-a4f3-1b97bf0bcb3a [] []
[2022-09-13T17:36:54.865407+00:00] blog.INFO: Post created: db0de30a-eacd-4691-8bed-6c27390d7ca1 [] []
[2022-09-13T17:36:54.869507+00:00] blog.INFO: Post created: 3a9b21d2-a760-4be3-99bd-5c336d5e5bda [] []
[2022-09-13T17:36:54.873534+00:00] blog.INFO: Post created: 90d1489a-810f-4f00-825b-e1d66a0dad98 [] []
[2022-09-13T17:36:54.878864+00:00] blog.INFO: Post created: 1139f4f4-4625-4ebc-9b09-0a857c4366bd [] []
[2022-09-13T17:36:54.882618+00:00] blog.INFO: Post created: 7d25597f-248e-4d41-9a32-100cb9434eea [] []
[2022-09-13T17:36:54.887724+00:00] blog.INFO: Post created: 568d2537-2059-45cb-888f-ac27ccfef37b [] []
[2022-09-13T17:36:54.891352+00:00] blog.INFO: Post created: e813baa1-9d15-4806-98cf-7c69c7cd397b [] []
[2022-09-13T17:36:54.895243+00:00] blog.INFO: Post created: 7f07493d-e59a-42d8-9ae8-71a6e3b1157c [] []
[2022-09-13T17:36:54.899377+00:00] blog.INFO: Post created: 074a8c3e-69fa-472c-a5ac-a5ad5cbaa76a [] []
[2022-09-13T17:36:54.907978+00:00] blog.INFO: Post created: 116130ac-b132-4f30-acbc-e7589fc81669 [] []
[2022-09-13T17:36:54.912724+00:00] blog.INFO: Post created: 8f71576b-d353-4b6c-ac76-0cd3181dddce [] []
[2022-09-13T17:36:54.918149+00:00] blog.INFO: Post created: 0052830e-c617-491e-b768-7b1eb9c54b69 [] []
[2022-09-13T17:36:54.922369+00:00] blog.INFO: Post created: 047b3a10-d557-4d40-8d7a-2e3fee29d058 [] []
[2022-09-13T17:36:54.927841+00:00] blog.INFO: Post created: 1ef5d1e5-9baf-47b4-b92b-d2502f8e2bb8 [] []
[2022-09-13T17:36:54.932767+00:00] blog.INFO: Post created: 8afc7bc3-8775-42d9-b572-d60dfe47f460 [] []
[2022-09-13T17:36:54.938118+00:00] blog.INFO: Post created: f82fd2b6-7592-4ea1-b81e-fad8484ee0ce [] []
[2022-09-13T17:36:54.944035+00:00] blog.INFO: Post created: 49647c7b-4aaa-46d3-9168-6bddca42f8f8 [] []
[2022-09-13T17:36:54.954047+00:00] blog.INFO: Post created: 7ba0ffc1-d74a-4943-b3ba-7f8d32ef1f2f [] []
[2022-09-13T17:36:54.958701+00:00] blog.INFO: Post created: a4c0e762-cb0b-46cf-906f-c204407c8e0d [] []
[2022-09-13T17:36:54.962889+00:00] blog.INFO: Post created: a4426fe0-9ba8-471b-900c-df19036c9f64 [] []
[2022-09-13T17:36:54.967009+00:00] blog.INFO: Post created: 4693fa90-b7fe-4141-bef3-1fc1c8c3bf71 [] []
[2022-09-13T17:36:54.970861+00:00] blog.INFO: Post created: c8e6cecc-1573-4015-9a1f-f62ac1aac370 [] []
[2022-09-13T17:36:54.975231+00:00] blog.INFO: Post created: 40e869fd-4eb7-4e10-85f2-1ae3e1be45de [] []
[2022-09-13T17:36:54.980569+00:00] blog.INFO: Post created: 66c5a945-03cd-4907-9a24-5280fa41f90f [] []
[2022-09-13T17:36:54.986531+00:00] blog.INFO: Post created: 7a2f5d85-f7bf-4284-a101-0a023694defe [] []
[2022-09-13T17:36:54.992979+00:00] blog.INFO: Post created: 673412b8-e06a-4e4e-97f6-526e10945499 [] []
[2022-09-13T17:36:54.996964+00:00] blog.INFO: Post created: 2aa9636e-9aa6-49c1-88ef-a590bd79fd92 [] []
[2022-09-13T17:36:55.000848+00:00] blog.INFO: Post created: 87d64d8f-6853-41dd-b5b6-fba78e411a8c [] []
[2022-09-13T17:36:55.005302+00:00] blog.INFO: Post created: 62f9fd1f-9728-43d5-8130-5ddaa7e6b1d8 [] []
[2022-09-13T17:36:55.011795+00:00] blog.INFO: Post created: 19cc83e4-9bce-4bd5-84ec-01e017080555 [] []
[2022-09-13T17:36:55.016054+00:00] blog.INFO: Post created: 0ee1940f-b17b-46cd-bcdd-299ca04fb19a [] []
[2022-09-13T17:36:55.020332+00:00] blog.INFO: Post created: 9120917a-ac0d-4e91-93e3-40cfe8a7711a [] []
[2022-09-13T17:36:55.024374+00:00] blog.INFO: Post created: b672fa55-0b99-4edb-ab8d-1eb757eede9e [] []
[2022-09-13T17:36:55.032598+00:00] blog.INFO: Post created: ec2bd0c1-747c-4dd2-b906-5cf8dfbb2326 [] []
[2022-09-13T17:36:55.037587+00:00] blog.INFO: Post created: 1fbca843-e5c2-4db2-885d-877db5516abb [] []
[2022-09-13T17:36:55.044170+00:00] blog.INFO: Post created: 18600d90-d15d-4700-8dfc-7c75c77b57aa [] []
[2022-09-13T17:36:55.049202+00:00] blog.INFO: Post created: 9b1969c2-1303-484f-bdc6-41e233f55ac3 [] []
[2022-09-13T17:36:55.053672+00:00] blog.INFO: Post created: 0f1265eb-b207-482f-b4ea-93fe0e3e27e1 [] []
[2022-09-13T17:36:55.062867+00:00] blog.INFO: Post created: 1506cfef-5c6a-4db5-940e-672f2a20e3a5 [] []
[2022-09-13T17:36:55.068584+00:00] blog.INFO: Post created: 36ddb0b0-5934-418e-96e4-6fd1a3a09003 [] []
[2022-09-13T17:36:55.073414+00:00] blog.INFO: Post created: 55760cf6-7fa7-417d-84f8-84b5c9be43b4 [] []
[2022-09-13T17:36:55.080015+00:00] blog.INFO: Post created: 2f0a4736-1f04-4cf4-a00a-2a51ce63b11e [] []
[2022-09-13T17:36:55.084277+00:00] blog.INFO: Post created: dbc7f149-6ead-4df1-8159-e8e9fd98dd2b [] []
[2022-09-13T17:36:55.089396+00:00] blog.INFO: Post created: ba60579f-305e-4e39-b0f1-9403cd285bde [] []
[2022-09-13T17:36:55.097473+00:00] blog.INFO: Post created: 756ac0c3-89e1-474c-bcd3-5bc990e47c59 [] []
[2022-09-13T17:36:55.102783+00:00] blog.INFO: Post created: 16cafda3-5740-4dbd-82a2-c8f6b1577713 [] []
[2022-09-13T17:36:55.115345+00:00] blog.INFO: Post created: 8e0890e5-d4dc-4ad0-8c26-c579b93ef41d [] []
[2022-09-13T17:36:55.121415+00:00] blog.INFO: Post created: 317676ed-c559-4d8d-80d5-e06e253d29c5 [] []
[2022-09-13T17:36:55.125632+00:00] blog.INFO: Post created: 8292715e-2750-4777-9b21-876c59328d74 [] []
[2022-09-13T17:36:55.129753+00:00] blog.INFO: Post created: 56dde7a7-8fdd-475b-bda2-0185f265d8f5 [] []
[2022-09-13T17:36:55.143551+00:00] blog.INFO: Post created: a3b583b4-ace2-40a6-8fad-6c23fb44c919 [] []
[2022-09-13T17:36:55.148128+00:00] blog.INFO: Post created: 4c96a2f9-bcef-46c6-b904-20e2612b3ce3 [] []
[2022-09-13T17:36:55.153252+00:00] blog.INFO: Post created: e1ad2c6a-5a01-4c2f-ba22-4058fa56c8fb [] []
[2022-09-13T17:36:55.159517+00:00] blog.INFO: Post created: 3bf2a67a-fe7c-47f3-9da0-bc130b8d0e94 [] []
[2022-09-13T17:36:55.165468+00:00] blog.INFO: Post created: 703c23cd-71b9-4e6e-9648-0c41dfc49b76 [] []
[2022-09-13T17:36:55.171392+00:00] blog.INFO: Post created: 587b21fe-621f-4795-ac07-2d769e6b5a59 [] []
[2022-09-13T17:36:55.175708+00:00] blog.INFO: Post created: 26e3c149-0c8f-4116-9ed6-bb89bc6aac9d [] []
[2022-09-13T17:36:55.181098+00:00] blog.INFO: Post created: 0054d4d0-f19f-4d78-8031-d28c15aa4eb0 [] []
[2022-09-13T17:36:55.193490+00:00] blog.INFO: Post created: aa0f99c5-51b7-46f7-8b50-5aff87fe37c1 [] []
[2022-09-13T17:36:55.200678+00:00] blog.INFO: Post created: f828d3e5-4bb9-47ab-a506-7613bd6f7125 [] []
[2022-09-13T17:36:55.205342+00:00] blog.INFO: Post created: ce37a261-c55d-40be-9dca-49c8d1c9c952 [] []
[2022-09-13T17:36:55.209374+00:00] blog.INFO: Post created: f512b40c-ec12-46d4-bae5-88aec681bc8d [] []
[2022-09-13T17:36:55.213985+00:00] blog.INFO: Post created: faa65742-6c6b-4abd-8d27-4528357dffef [] []
[2022-09-13T17:36:55.218453+00:00] blog.INFO: Post created: 54f1af26-32d6-4d54-9134-726a52c506e3 [] []
[2022-09-13T17:36:55.225538+00:00] blog.INFO: Post created: 64fae068-83fa-4cb1-8e67-961f63c47a05 [] []
[2022-09-13T17:36:55.234057+00:00] blog.INFO: Post created: fecda9c2-cf5b-4a0c-8756-5bfe7ef0cfe9 [] []
[2022-09-13T17:36:55.244507+00:00] blog.INFO: Post created: 88983ade-1861-4919-a515-69697238e69f [] []
